[ 2018-11-23T16:19:26+08:00 ][ sql ] [ DB ] CONNECT:[ UseTime:0.010000s ] mysql:host=127.0.0.1;dbname=fastadmin;charset=utf8
[ 2018-11-23T16:19:26+08:00 ][ sql ] [ SQL ] SHOW TABLE STATUS LIKE 'test' [ RunTime:0.004000s ]
[ 2018-11-23T16:19:26+08:00 ][ sql ] [ SQL ] SHOW TABLE STATUS LIKE 'fa_test' [ RunTime:0.003000s ]
[ 2018-11-23T16:19:26+08:00 ][ sql ] [ SQL ] SELECT * FROM `information_schema`.`columns` WHERE TABLE_SCHEMA = 'fastadmin' AND table_name = 'fa_test' ORDER BY ORDINAL_POSITION [ RunTime:0.034000s ]
[ 2018-11-23T16:19:55+08:00 ][ sql ] [ DB ] CONNECT:[ UseTime:0.010000s ] mysql:host=127.0.0.1;dbname=fastadmin;charset=utf8
[ 2018-11-23T16:19:55+08:00 ][ sql ] [ SQL ] SHOW COLUMNS FROM `fa_auth_rule` [ RunTime:0.031000s ]
[ 2018-11-23T16:19:55+08:00 ][ sql ] [ SQL ] SELECT * FROM `fa_auth_rule` WHERE  `name` = 'test' LIMIT 1 [ RunTime:0.002000s ]
[ 2018-11-23T16:19:55+08:00 ][ sql ] [ SQL ] INSERT INTO `fa_auth_rule` (`pid` , `name` , `title` , `icon` , `remark` , `ismenu` , `status` , `createtime` , `updatetime`) VALUES (0 , 'test' , '测试管理' , 'fa fa-circle-o' , '' , 1 , 'normal' , 1542961195 , 1542961195) [ RunTime:0.005000s ]
[ 2018-11-23T16:19:55+08:00 ][ sql ] [ SQL ] SELECT `id` FROM `fa_auth_rule` WHERE  `name` = 'test/index' LIMIT 1 [ RunTime:0.001000s ]
[ 2018-11-23T16:19:55+08:00 ][ sql ] [ SQL ] SELECT `id` FROM `fa_auth_rule` WHERE  `name` = 'test/add' LIMIT 1 [ RunTime:0.001000s ]
[ 2018-11-23T16:19:55+08:00 ][ sql ] [ SQL ] SELECT `id` FROM `fa_auth_rule` WHERE  `name` = 'test/edit' LIMIT 1 [ RunTime:0.002000s ]
[ 2018-11-23T16:19:55+08:00 ][ sql ] [ SQL ] SELECT `id` FROM `fa_auth_rule` WHERE  `name` = 'test/del' LIMIT 1 [ RunTime:0.002000s ]
[ 2018-11-23T16:19:55+08:00 ][ sql ] [ SQL ] SELECT `id` FROM `fa_auth_rule` WHERE  `name` = 'test/multi' LIMIT 1 [ RunTime:0.001000s ]
[ 2018-11-23T16:19:55+08:00 ][ sql ] [ SQL ] INSERT INTO `fa_auth_rule` (`id` , `pid` , `name` , `icon` , `title` , `ismenu` , `status` , `createtime` , `updatetime`) VALUES (NULL , 85 , 'test/index' , 'fa fa-circle-o' , '查看' , 0 , 'normal' , 1542961195 , 1542961195) [ RunTime:0.001000s ]
[ 2018-11-23T16:19:55+08:00 ][ sql ] [ SQL ] INSERT INTO `fa_auth_rule` (`id` , `pid` , `name` , `icon` , `title` , `ismenu` , `status` , `createtime` , `updatetime`) VALUES (NULL , 85 , 'test/add' , 'fa fa-circle-o' , '添加' , 0 , 'normal' , 1542961195 , 1542961195) [ RunTime:0.001000s ]
[ 2018-11-23T16:19:55+08:00 ][ sql ] [ SQL ] INSERT INTO `fa_auth_rule` (`id` , `pid` , `name` , `icon` , `title` , `ismenu` , `status` , `createtime` , `updatetime`) VALUES (NULL , 85 , 'test/edit' , 'fa fa-circle-o' , '编辑' , 0 , 'normal' , 1542961195 , 1542961195) [ RunTime:0.001000s ]
[ 2018-11-23T16:19:55+08:00 ][ sql ] [ SQL ] INSERT INTO `fa_auth_rule` (`id` , `pid` , `name` , `icon` , `title` , `ismenu` , `status` , `createtime` , `updatetime`) VALUES (NULL , 85 , 'test/del' , 'fa fa-circle-o' , '删除' , 0 , 'normal' , 1542961195 , 1542961195) [ RunTime:0.000000s ]
[ 2018-11-23T16:19:55+08:00 ][ sql ] [ SQL ] INSERT INTO `fa_auth_rule` (`id` , `pid` , `name` , `icon` , `title` , `ismenu` , `status` , `createtime` , `updatetime`) VALUES (NULL , 85 , 'test/multi' , 'fa fa-circle-o' , '批量更新' , 0 , 'normal' , 1542961195 , 1542961195) [ RunTime:0.001000s ]
[ 2018-11-23T16:44:48+08:00 ][ sql ] [ DB ] CONNECT:[ UseTime:0.011000s ] mysql:host=127.0.0.1;dbname=fastadmin;charset=utf8
[ 2018-11-23T16:44:48+08:00 ][ sql ] [ SQL ] SELECT 1 [ RunTime:0.001000s ]
[ 2018-11-23T16:44:50+08:00 ][ sql ] [ SQL ] SHOW COLUMNS FROM `fa_auth_rule` [ RunTime:0.033000s ]
[ 2018-11-23T16:44:50+08:00 ][ sql ] [ SQL ] INSERT INTO `fa_auth_rule` (`name` , `title` , `icon` , `ismenu` , `pid` , `status` , `createtime` , `updatetime`) VALUES ('command' , '在线命令管理' , 'fa fa-terminal' , 1 , 0 , 'normal' , 1542962690 , 1542962690) [ RunTime:0.005000s ]
[ 2018-11-23T16:44:50+08:00 ][ sql ] [ SQL ] INSERT INTO `fa_auth_rule` (`name` , `title` , `ismenu` , `icon` , `pid` , `status` , `createtime` , `updatetime`) VALUES ('command/index' , '查看' , 0 , 'fa fa-circle-o' , 91 , 'normal' , 1542962690 , 1542962690) [ RunTime:0.004000s ]
[ 2018-11-23T16:44:50+08:00 ][ sql ] [ SQL ] INSERT INTO `fa_auth_rule` (`name` , `title` , `ismenu` , `icon` , `pid` , `status` , `createtime` , `updatetime`) VALUES ('command/add' , '添加' , 0 , 'fa fa-circle-o' , 91 , 'normal' , 1542962690 , 1542962690) [ RunTime:0.004000s ]
[ 2018-11-23T16:44:50+08:00 ][ sql ] [ SQL ] INSERT INTO `fa_auth_rule` (`name` , `title` , `ismenu` , `icon` , `pid` , `status` , `createtime` , `updatetime`) VALUES ('command/detail' , '详情' , 0 , 'fa fa-circle-o' , 91 , 'normal' , 1542962690 , 1542962690) [ RunTime:0.003000s ]
[ 2018-11-23T16:44:50+08:00 ][ sql ] [ SQL ] INSERT INTO `fa_auth_rule` (`name` , `title` , `ismenu` , `icon` , `pid` , `status` , `createtime` , `updatetime`) VALUES ('command/execute' , '运行' , 0 , 'fa fa-circle-o' , 91 , 'normal' , 1542962690 , 1542962690) [ RunTime:0.003000s ]
[ 2018-11-23T16:44:50+08:00 ][ sql ] [ SQL ] INSERT INTO `fa_auth_rule` (`name` , `title` , `ismenu` , `icon` , `pid` , `status` , `createtime` , `updatetime`) VALUES ('command/del' , '删除' , 0 , 'fa fa-circle-o' , 91 , 'normal' , 1542962690 , 1542962690) [ RunTime:0.003000s ]
[ 2018-11-23T16:44:50+08:00 ][ sql ] [ SQL ] INSERT INTO `fa_auth_rule` (`name` , `title` , `ismenu` , `icon` , `pid` , `status` , `createtime` , `updatetime`) VALUES ('command/multi' , '批量更新' , 0 , 'fa fa-circle-o' , 91 , 'normal' , 1542962690 , 1542962690) [ RunTime:0.003000s ]
[ 2018-11-23T16:45:42+08:00 ][ sql ] [ DB ] CONNECT:[ UseTime:0.011000s ] mysql:host=127.0.0.1;dbname=fastadmin;charset=utf8
[ 2018-11-23T16:45:42+08:00 ][ sql ] [ SQL ] SELECT 1 [ RunTime:0.001000s ]
[ 2018-11-23T16:45:44+08:00 ][ sql ] [ SQL ] SHOW COLUMNS FROM `fa_auth_rule` [ RunTime:0.032000s ]
[ 2018-11-23T16:45:44+08:00 ][ sql ] [ SQL ] SELECT * FROM `fa_auth_rule` WHERE  `name` = 'general' LIMIT 1 [ RunTime:0.002000s ]
[ 2018-11-23T16:45:44+08:00 ][ sql ] [ SQL ] INSERT INTO `fa_auth_rule` (`name` , `title` , `icon` , `remark` , `ismenu` , `pid` , `status` , `createtime` , `updatetime`) VALUES ('general/crontab' , '定时任务' , 'fa fa-tasks' , '类似于Linux的Crontab定时任务,可以按照设定的时间进行任务的执行,目前仅支持三种任务:请求URL、执行SQL、执行Shell' , 1 , 2 , 'normal' , 1542962744 , 1542962744) [ RunTime:0.007000s ]
[ 2018-11-23T16:45:44+08:00 ][ sql ] [ SQL ] INSERT INTO `fa_auth_rule` (`name` , `title` , `ismenu` , `icon` , `pid` , `status` , `createtime` , `updatetime`) VALUES ('general/crontab/index' , '查看' , 0 , 'fa fa-circle-o' , 98 , 'normal' , 1542962744 , 1542962744) [ RunTime:0.005000s ]
[ 2018-11-23T16:45:44+08:00 ][ sql ] [ SQL ] INSERT INTO `fa_auth_rule` (`name` , `title` , `ismenu` , `icon` , `pid` , `status` , `createtime` , `updatetime`) VALUES ('general/crontab/add' , '添加' , 0 , 'fa fa-circle-o' , 98 , 'normal' , 1542962744 , 1542962744) [ RunTime:0.005000s ]
[ 2018-11-23T16:45:44+08:00 ][ sql ] [ SQL ] INSERT INTO `fa_auth_rule` (`name` , `title` , `ismenu` , `icon` , `pid` , `status` , `createtime` , `updatetime`) VALUES ('general/crontab/edit' , '编辑 ' , 0 , 'fa fa-circle-o' , 98 , 'normal' , 1542962744 , 1542962744) [ RunTime:0.004000s ]
[ 2018-11-23T16:45:44+08:00 ][ sql ] [ SQL ] INSERT INTO `fa_auth_rule` (`name` , `title` , `ismenu` , `icon` , `pid` , `status` , `createtime` , `updatetime`) VALUES ('general/crontab/del' , '删除' , 0 , 'fa fa-circle-o' , 98 , 'normal' , 1542962744 , 1542962744) [ RunTime:0.003000s ]
[ 2018-11-23T16:45:44+08:00 ][ sql ] [ SQL ] INSERT INTO `fa_auth_rule` (`name` , `title` , `ismenu` , `icon` , `pid` , `status` , `createtime` , `updatetime`) VALUES ('general/crontab/multi' , '批量更新' , 0 , 'fa fa-circle-o' , 98 , 'normal' , 1542962744 , 1542962744) [ RunTime:0.004000s ]
[ 2018-11-23T16:46:56+08:00 ][ sql ] [ DB ] CONNECT:[ UseTime:0.011000s ] mysql:host=127.0.0.1;dbname=fastadmin;charset=utf8
[ 2018-11-23T16:46:56+08:00 ][ sql ] [ SQL ] SELECT 1 [ RunTime:0.002000s ]
[ 2018-11-23T16:46:58+08:00 ][ sql ] [ SQL ] SHOW COLUMNS FROM `fa_auth_rule` [ RunTime:0.024000s ]
[ 2018-11-23T16:46:58+08:00 ][ sql ] [ SQL ] INSERT INTO `fa_auth_rule` (`name` , `title` , `icon` , `ismenu` , `pid` , `status` , `createtime` , `updatetime`) VALUES ('luckydraw' , '抽奖管理' , 'fa fa-empire' , 1 , 0 , 'normal' , 1542962818 , 1542962818) [ RunTime:0.004000s ]
[ 2018-11-23T16:46:58+08:00 ][ sql ] [ SQL ] INSERT INTO `fa_auth_rule` (`name` , `title` , `ismenu` , `icon` , `pid` , `status` , `createtime` , `updatetime`) VALUES ('luckydraw/index' , '查看' , 0 , 'fa fa-circle-o' , 104 , 'normal' , 1542962818 , 1542962818) [ RunTime:0.003000s ]
[ 2018-11-23T16:46:58+08:00 ][ sql ] [ SQL ] INSERT INTO `fa_auth_rule` (`name` , `title` , `ismenu` , `icon` , `pid` , `status` , `createtime` , `updatetime`) VALUES ('luckydraw/del' , '删除' , 0 , 'fa fa-circle-o' , 104 , 'normal' , 1542962818 , 1542962818) [ RunTime:0.003000s ]
[ 2018-11-23T16:46:58+08:00 ][ sql ] [ SQL ] INSERT INTO `fa_auth_rule` (`name` , `title` , `ismenu` , `icon` , `pid` , `status` , `createtime` , `updatetime`) VALUES ('luckydraw/multi' , '批量更新' , 0 , 'fa fa-circle-o' , 104 , 'normal' , 1542962818 , 1542962818) [ RunTime:0.003000s ]
